Using pre-set license
Built from '2020.3/release' branch; Version is '2020.3.2f1 (8fd9074bf66c) revision 9427207'; Using compiler version '192528614'; Build Type 'Release'
OS: 'Windows 10 Pro; OS build 19041.1165; Version 2004; 64bit' Language: 'ko' Physical Memory: 16315 MB
BatchMode: 1, IsHumanControllingUs: 0, StartBugReporterOnCrash: 0, Is64bit: 1, IsPro: 0

 COMMAND LINE ARGUMENTS:
C:\Program Files\Unity\Hub\Editor\2020.3.2f1\Editor\Unity.exe
-adb2
-batchMode
-noUpm
-name
AssetImportWorker0
-projectPath
D:/JM2d/monkeyClimbTree
-logFile
Logs/AssetImportWorker0.log
-srvPort
4798
Successfully changed project path to: D:/JM2d/monkeyClimbTree
D:/JM2d/monkeyClimbTree
Using Asset Import Pipeline V2.
Refreshing native plugins compatible for Editor in 34.17 ms, found 1 plugins.
Preloading 0 native plugins for Editor in 0.00 ms.
Initialize engine version: 2020.3.2f1 (8fd9074bf66c)
[Subsystems] Discovering subsystems at path C:/Program Files/Unity/Hub/Editor/2020.3.2f1/Editor/Data/Resources/UnitySubsystems
[Subsystems] Discovering subsystems at path D:/JM2d/monkeyClimbTree/Assets
GfxDevice: creating device client; threaded=0
Direct3D:
    Version:  Direct3D 11.0 [level 11.1]
    Renderer: NVIDIA GeForce GTX 1060 6GB (ID=0x1c03)
    Vendor:   
    VRAM:     6052 MB
    Driver:   27.21.14.5671
Initialize mono
Mono path[0] = 'C:/Program Files/Unity/Hub/Editor/2020.3.2f1/Editor/Data/Managed'
Mono path[1] = 'C:/Program Files/Unity/Hub/Editor/2020.3.2f1/Editor/Data/MonoBleedingEdge/lib/mono/unityjit'
Mono config path = 'C:/Program Files/Unity/Hub/Editor/2020.3.2f1/Editor/Data/MonoBleedingEdge/etc'
Using monoOptions --debugger-agent=transport=dt_socket,embedding=1,server=y,suspend=n,address=127.0.0.1:56888
Begin MonoManager ReloadAssembly
Registering precompiled unity dll's ...
Register platform support module: C:/Program Files/Unity/Hub/Editor/2020.3.2f1/Editor/Data/PlaybackEngines/WindowsStandaloneSupport/UnityEditor.WindowsStandalone.Extensions.dll
Registered in 0.001735 seconds.
Native extension for WindowsStandalone target not found
Refreshing native plugins compatible for Editor in 34.24 ms, found 1 plugins.
Preloading 0 native plugins for Editor in 0.00 ms.
Invoked RoslynAnalysisRunner static constructor.
RoslynAnalysisRunner will not be running.
RoslynAnalysisRunner has terminated.
Mono: successfully reloaded assembly
- Completed reload, in  1.477 seconds
Platform modules already initialized, skipping
Registering precompiled user dll's ...
Registered in 0.000702 seconds.
Begin MonoManager ReloadAssembly
Native extension for WindowsStandalone target not found
Refreshing native plugins compatible for Editor in 33.56 ms, found 1 plugins.
Preloading 0 native plugins for Editor in 0.00 ms.
Invoked RoslynAnalysisRunner static constructor.
RoslynAnalysisRunner will not be running.
RoslynAnalysisRunner has terminated.
Mono: successfully reloaded assembly
- Completed reload, in  0.767 seconds
Platform modules already initialized, skipping
========================================================================
Worker process is ready to serve import requests
Launched and connected shader compiler UnityShaderCompiler.exe after 0.03 seconds
Refreshing native plugins compatible for Editor in 0.41 ms, found 1 plugins.
Preloading 0 native plugins for Editor in 0.00 ms.
Unloading 2025 Unused Serialized files (Serialized files now loaded: 0)
System memory in use before: 94.6 MB.
System memory in use after: 94.7 MB.

Unloading 19 unused Assets to reduce memory usage. Loaded Objects now: 2474.
Total: 2.033900 ms (FindLiveObjects: 0.251700 ms CreateObjectMapping: 0.047000 ms MarkObjects: 1.670100 ms  DeleteObjects: 0.064000 ms)

========================================================================
Received Import Request.
  path: Assets/Prefabs/dolphin.prefab
  artifactKey: Guid(feb9945e28f254845ab4bbb3afc84254) Importer(815301076,1909f56bfc062723c751e8b465ee728b)
Start importing Assets/Prefabs/dolphin.prefab using Guid(feb9945e28f254845ab4bbb3afc84254) Importer(815301076,1909f56bfc062723c751e8b465ee728b)  -> (artifact id: '6728a181a13578f7f725cca41165e2c2') in 0.088629 seconds
  Import took 0.091739 seconds .

========================================================================
Received Import Request.
  Time since last request: 0.000261 seconds.
  path: Assets/Prefabs/Eagle.prefab
  artifactKey: Guid(845e0419138e72c44a72f6cf1e9108d9) Importer(815301076,1909f56bfc062723c751e8b465ee728b)
Start importing Assets/Prefabs/Eagle.prefab using Guid(845e0419138e72c44a72f6cf1e9108d9) Importer(815301076,1909f56bfc062723c751e8b465ee728b)  -> (artifact id: '36f3253c9e2bb8149f5afe684ba63064') in 0.028431 seconds
  Import took 0.031159 seconds .

========================================================================
Received Import Request.
  Time since last request: 0.000265 seconds.
  path: Assets/Prefabs/potion.prefab
  artifactKey: Guid(5ad9856ed343499419cb4fa4f71a5550) Importer(815301076,1909f56bfc062723c751e8b465ee728b)
Start importing Assets/Prefabs/potion.prefab using Guid(5ad9856ed343499419cb4fa4f71a5550) Importer(815301076,1909f56bfc062723c751e8b465ee728b)  -> (artifact id: '1f1b5c8bcb589bd7cfa5ba8046680398') in 0.010960 seconds
  Import took 0.014242 seconds .

========================================================================
Received Import Request.
  Time since last request: 0.000305 seconds.
  path: Assets/Prefabs/potion_border.png
  artifactKey: Guid(a162b0742300b404499f0e68a417f801) Importer(815301076,1909f56bfc062723c751e8b465ee728b)
Start importing Assets/Prefabs/potion_border.png using Guid(a162b0742300b404499f0e68a417f801) Importer(815301076,1909f56bfc062723c751e8b465ee728b)  -> (artifact id: '444be4eb5d8d5793b1a9bac757d17efd') in 0.049557 seconds
  Import took 0.053124 seconds .

========================================================================
Received Import Request.
  Time since last request: 74.595996 seconds.
  path: Assets/Effects/Potion Particle.prefab
  artifactKey: Guid(b3537a16ccfbda14a84d08654943bc9f) Importer(815301076,1909f56bfc062723c751e8b465ee728b)
Start importing Assets/Effects/Potion Particle.prefab using Guid(b3537a16ccfbda14a84d08654943bc9f) Importer(815301076,1909f56bfc062723c751e8b465ee728b)  -> (artifact id: '947886899536614dcd5a4abfd50347d1') in 0.009102 seconds
  Import took 0.012448 seconds .

========================================================================
Received Prepare
Registering precompiled user dll's ...
Registered in 0.000707 seconds.
Begin MonoManager ReloadAssembly
Native extension for WindowsStandalone target not found
Refreshing native plugins compatible for Editor in 0.41 ms, found 1 plugins.
Preloading 0 native plugins for Editor in 0.00 ms.
Invoked RoslynAnalysisRunner static constructor.
RoslynAnalysisRunner will not be running.
RoslynAnalysisRunner has terminated.
Mono: successfully reloaded assembly
- Completed reload, in  0.692 seconds
Platform modules already initialized, skipping
Switching build target platform(5) subTarget(0) extendedPlatform(0) -> platform(13) subTarget(537395200) extendedPlatform(0)
Refreshing native plugins compatible for Editor in 0.44 ms, found 1 plugins.
Preloading 0 native plugins for Editor in 0.00 ms.
Unloading 2018 Unused Serialized files (Serialized files now loaded: 0)
System memory in use before: 97.0 MB.
System memory in use after: 97.2 MB.

Unloading 7 unused Assets to reduce memory usage. Loaded Objects now: 2488.
Total: 1.744000 ms (FindLiveObjects: 0.236500 ms CreateObjectMapping: 0.045200 ms MarkObjects: 1.449000 ms  DeleteObjects: 0.012100 ms)

AssetImportParameters requested are different than current active one (requested -> active):
  custom:graphics/normal-map-encoding: 01000000000000000000000000000000 -> 02000000000000000000000000000000
AssetImportWorkerClient::OnTransportError - code=2 error=End of file
