Using pre-set license
Built from '2020.3/release' branch; Version is '2020.3.2f1 (8fd9074bf66c) revision 9427207'; Using compiler version '192528614'; Build Type 'Release'
OS: 'Windows 10 Home; OS build 19042.1165; Version 2009; 64bit' Language: 'ko' Physical Memory: 16322 MB
BatchMode: 1, IsHumanControllingUs: 0, StartBugReporterOnCrash: 0, Is64bit: 1, IsPro: 0

 COMMAND LINE ARGUMENTS:
C:\Program Files\Unity\2020.3.2f1\Editor\Unity.exe
-adb2
-batchMode
-noUpm
-name
AssetImportWorker0
-projectPath
C:/Users/There/OneDrive/문서/monkeyClimbTree
-logFile
Logs/AssetImportWorker0.log
-srvPort
58748
Successfully changed project path to: C:/Users/There/OneDrive/문서/monkeyClimbTree
C:/Users/There/OneDrive/문서/monkeyClimbTree
Using Asset Import Pipeline V2.
Refreshing native plugins compatible for Editor in 31.13 ms, found 1 plugins.
Preloading 0 native plugins for Editor in 0.00 ms.
Initialize engine version: 2020.3.2f1 (8fd9074bf66c)
[Subsystems] Discovering subsystems at path C:/Program Files/Unity/2020.3.2f1/Editor/Data/Resources/UnitySubsystems
[Subsystems] Discovering subsystems at path C:/Users/There/OneDrive/문서/monkeyClimbTree/Assets
GfxDevice: creating device client; threaded=0
Direct3D:
    Version:  Direct3D 11.0 [level 11.1]
    Renderer: NVIDIA GeForce RTX 3070 (ID=0x2484)
    Vendor:   
    VRAM:     8043 MB
    Driver:   30.0.14.7111
Initialize mono
Mono path[0] = 'C:/Program Files/Unity/2020.3.2f1/Editor/Data/Managed'
Mono path[1] = 'C:/Program Files/Unity/2020.3.2f1/Editor/Data/MonoBleedingEdge/lib/mono/unityjit'
Mono config path = 'C:/Program Files/Unity/2020.3.2f1/Editor/Data/MonoBleedingEdge/etc'
Using monoOptions --debugger-agent=transport=dt_socket,embedding=1,server=y,suspend=n,address=127.0.0.1:56140
Begin MonoManager ReloadAssembly
Registering precompiled unity dll's ...
Register platform support module: C:/Program Files/Unity/2020.3.2f1/Editor/Data/PlaybackEngines/WindowsStandaloneSupport/UnityEditor.WindowsStandalone.Extensions.dll
Registered in 0.003637 seconds.
Native extension for WindowsStandalone target not found
Refreshing native plugins compatible for Editor in 31.26 ms, found 1 plugins.
Preloading 0 native plugins for Editor in 0.00 ms.
Invoked RoslynAnalysisRunner static constructor.
RoslynAnalysisRunner will not be running.
RoslynAnalysisRunner has terminated.
Mono: successfully reloaded assembly
- Completed reload, in  1.418 seconds
Platform modules already initialized, skipping
Registering precompiled user dll's ...
Registered in 0.001255 seconds.
Begin MonoManager ReloadAssembly
Native extension for WindowsStandalone target not found
Refreshing native plugins compatible for Editor in 30.33 ms, found 1 plugins.
Preloading 0 native plugins for Editor in 0.00 ms.
Invoked RoslynAnalysisRunner static constructor.
RoslynAnalysisRunner will not be running.
RoslynAnalysisRunner has terminated.
Mono: successfully reloaded assembly
- Completed reload, in  0.836 seconds
Platform modules already initialized, skipping
========================================================================
Worker process is ready to serve import requests
Launched and connected shader compiler UnityShaderCompiler.exe after 0.04 seconds
Refreshing native plugins compatible for Editor in 0.37 ms, found 1 plugins.
Preloading 0 native plugins for Editor in 0.00 ms.
Unloading 2006 Unused Serialized files (Serialized files now loaded: 0)
System memory in use before: 91.1 MB.
System memory in use after: 91.2 MB.

Unloading 19 unused Assets to reduce memory usage. Loaded Objects now: 2453.
Total: 1.657600 ms (FindLiveObjects: 0.206600 ms CreateObjectMapping: 0.091600 ms MarkObjects: 1.314300 ms  DeleteObjects: 0.044000 ms)

========================================================================
Received Import Request.
  path: Assets/Scenes/SampleScene.unity
  artifactKey: Guid(2cda990e2423bbf4892e6590ba056729) Importer(815301076,1909f56bfc062723c751e8b465ee728b)
Start importing Assets/Scenes/SampleScene.unity using Guid(2cda990e2423bbf4892e6590ba056729) Importer(815301076,1909f56bfc062723c751e8b465ee728b)  -> (artifact id: '0c13c04b3bb554a3daf6f65f96450c9a') in 0.008866 seconds
  Import took 0.011422 seconds .

========================================================================
Received Import Request.
  Time since last request: 0.000134 seconds.
  path: Assets/Scenes
  artifactKey: Guid(de8bc8d40c22cd249ad2605f4d61183c) Importer(815301076,1909f56bfc062723c751e8b465ee728b)
Start importing Assets/Scenes using Guid(de8bc8d40c22cd249ad2605f4d61183c) Importer(815301076,1909f56bfc062723c751e8b465ee728b)  -> (artifact id: 'e921b75f71407701b74adb769efcdc4e') in 0.001946 seconds
  Import took 0.004190 seconds .

========================================================================
Received Prepare
Registering precompiled user dll's ...
Registered in 0.001179 seconds.
Begin MonoManager ReloadAssembly
Native extension for WindowsStandalone target not found
Refreshing native plugins compatible for Editor in 0.34 ms, found 1 plugins.
Preloading 0 native plugins for Editor in 0.00 ms.
Invoked RoslynAnalysisRunner static constructor.
RoslynAnalysisRunner will not be running.
RoslynAnalysisRunner has terminated.
Mono: successfully reloaded assembly
- Completed reload, in  0.759 seconds
Platform modules already initialized, skipping
Refreshing native plugins compatible for Editor in 0.32 ms, found 1 plugins.
Preloading 0 native plugins for Editor in 0.00 ms.
Unloading 1996 Unused Serialized files (Serialized files now loaded: 0)
System memory in use before: 90.6 MB.
System memory in use after: 90.7 MB.

Unloading 7 unused Assets to reduce memory usage. Loaded Objects now: 2457.
Total: 2.134400 ms (FindLiveObjects: 0.178500 ms CreateObjectMapping: 0.076900 ms MarkObjects: 1.867100 ms  DeleteObjects: 0.011000 ms)

========================================================================
Received Import Request.
  Time since last request: 123.845433 seconds.
  path: Assets/Prefabs/Apple.prefab
  artifactKey: Guid(bd49dedb95877874ba2e5d701463e90c) Importer(815301076,1909f56bfc062723c751e8b465ee728b)
Start importing Assets/Prefabs/Apple.prefab using Guid(bd49dedb95877874ba2e5d701463e90c) Importer(815301076,1909f56bfc062723c751e8b465ee728b)  -> (artifact id: '6226e0320aa9ce2ea5d6dd59d5daf788') in 0.087459 seconds
  Import took 0.090365 seconds .

========================================================================
Received Import Request.
  Time since last request: 0.000164 seconds.
  path: Assets/Prefabs/Walls.prefab
  artifactKey: Guid(10ef439bfb265f9459802d6a32fda759) Importer(815301076,1909f56bfc062723c751e8b465ee728b)
Start importing Assets/Prefabs/Walls.prefab using Guid(10ef439bfb265f9459802d6a32fda759) Importer(815301076,1909f56bfc062723c751e8b465ee728b)  -> (artifact id: '8257010443aec238b14bbf49efb9496e') in 0.010067 seconds
  Import took 0.012732 seconds .

========================================================================
Received Import Request.
  Time since last request: 0.000146 seconds.
  path: Assets/Prefabs/Bush.prefab
  artifactKey: Guid(367ddbac53931f44b8eae1b2134a2c8b) Importer(815301076,1909f56bfc062723c751e8b465ee728b)
Start importing Assets/Prefabs/Bush.prefab using Guid(367ddbac53931f44b8eae1b2134a2c8b) Importer(815301076,1909f56bfc062723c751e8b465ee728b)  -> (artifact id: 'df6fb7c4603bc015e6260ffebb163e37') in 0.007555 seconds
  Import took 0.010067 seconds .

========================================================================
Received Import Request.
  Time since last request: 0.000147 seconds.
  path: Assets/Prefabs/Snake.prefab
  artifactKey: Guid(5540d8dc8e059d14ca7f293422943761) Importer(815301076,1909f56bfc062723c751e8b465ee728b)
Start importing Assets/Prefabs/Snake.prefab using Guid(5540d8dc8e059d14ca7f293422943761) Importer(815301076,1909f56bfc062723c751e8b465ee728b)  -> (artifact id: 'f1980400af86ba3d5c351452ff05b836') in 0.008003 seconds
  Import took 0.010656 seconds .

========================================================================
Received Import Request.
  Time since last request: 0.000177 seconds.
  path: Assets/Prefabs/levelUp.prefab
  artifactKey: Guid(0284e9ab928c407499285ed31d8b55c4) Importer(815301076,1909f56bfc062723c751e8b465ee728b)
Start importing Assets/Prefabs/levelUp.prefab using Guid(0284e9ab928c407499285ed31d8b55c4) Importer(815301076,1909f56bfc062723c751e8b465ee728b)  -> (artifact id: 'd9ddd0710363280d2e8fda1f61772e98') in 0.007841 seconds
  Import took 0.010375 seconds .

========================================================================
Received Import Request.
  Time since last request: 0.000154 seconds.
  path: Assets/Prefabs/Wall.prefab
  artifactKey: Guid(caae29814b36e81469029f779b8b8bb6) Importer(815301076,1909f56bfc062723c751e8b465ee728b)
Start importing Assets/Prefabs/Wall.prefab using Guid(caae29814b36e81469029f779b8b8bb6) Importer(815301076,1909f56bfc062723c751e8b465ee728b)  -> (artifact id: 'c2243e78840f54c4a8763d0f943f9382') in 0.007246 seconds
  Import took 0.009860 seconds .

========================================================================
Received Import Request.
  Time since last request: 0.000191 seconds.
  path: Assets/Prefabs/Eagle.prefab
  artifactKey: Guid(845e0419138e72c44a72f6cf1e9108d9) Importer(815301076,1909f56bfc062723c751e8b465ee728b)
Start importing Assets/Prefabs/Eagle.prefab using Guid(845e0419138e72c44a72f6cf1e9108d9) Importer(815301076,1909f56bfc062723c751e8b465ee728b)  -> (artifact id: '422d621f59e983a0fbb7515ab4e7b6a5') in 0.023526 seconds
  Import took 0.026097 seconds .

========================================================================
Received Import Request.
  Time since last request: 0.000164 seconds.
  path: Assets/Prefabs/Coin.prefab
  artifactKey: Guid(79a7d88512f6a0b43aabf3bff941ecac) Importer(815301076,1909f56bfc062723c751e8b465ee728b)
Start importing Assets/Prefabs/Coin.prefab using Guid(79a7d88512f6a0b43aabf3bff941ecac) Importer(815301076,1909f56bfc062723c751e8b465ee728b)  -> (artifact id: '9a9afe19c30d9e6b4f8115d2a069ada6') in 0.007384 seconds
  Import took 0.009975 seconds .

========================================================================
Received Import Request.
  Time since last request: 0.000149 seconds.
  path: Assets/Prefabs/Branch.prefab
  artifactKey: Guid(3b38f984e6f9912448f643ddd1597bcd) Importer(815301076,1909f56bfc062723c751e8b465ee728b)
Start importing Assets/Prefabs/Branch.prefab using Guid(3b38f984e6f9912448f643ddd1597bcd) Importer(815301076,1909f56bfc062723c751e8b465ee728b)  -> (artifact id: 'c8277d28c3f650c95de7dab22380dfb5') in 0.006616 seconds
  Import took 0.009143 seconds .

========================================================================
Received Import Request.
  Time since last request: 0.000142 seconds.
  path: Assets/Prefabs/panzee.prefab
  artifactKey: Guid(4d2c680a5797cea4a8f72775a8463482) Importer(815301076,1909f56bfc062723c751e8b465ee728b)
Start importing Assets/Prefabs/panzee.prefab using Guid(4d2c680a5797cea4a8f72775a8463482) Importer(815301076,1909f56bfc062723c751e8b465ee728b)  -> (artifact id: '0e13503463af890f3d80054df6ef45fa') in 0.008151 seconds
  Import took 0.011153 seconds .

========================================================================
Received Import Request.
  Time since last request: 0.000145 seconds.
  path: Assets/Prefabs/Enemy.prefab
  artifactKey: Guid(0f640ccdcf06a1a4d96c01ba8fc546a6) Importer(815301076,1909f56bfc062723c751e8b465ee728b)
Start importing Assets/Prefabs/Enemy.prefab using Guid(0f640ccdcf06a1a4d96c01ba8fc546a6) Importer(815301076,1909f56bfc062723c751e8b465ee728b)  -> (artifact id: 'd9814945898c60af51e988e25bdaafa2') in 0.006136 seconds
  Import took 0.008626 seconds .

========================================================================
Received Import Request.
  Time since last request: 0.010368 seconds.
  path: Assets/Prefabs/Enemy.prefab
  artifactKey: Guid(0f640ccdcf06a1a4d96c01ba8fc546a6) Importer(815301076,1909f56bfc062723c751e8b465ee728b)
Start importing Assets/Prefabs/Enemy.prefab using Guid(0f640ccdcf06a1a4d96c01ba8fc546a6) Importer(815301076,1909f56bfc062723c751e8b465ee728b)  -> (artifact id: 'd9814945898c60af51e988e25bdaafa2') in 0.006465 seconds
  Import took 0.009180 seconds .

========================================================================
Received Import Request.
  Time since last request: 0.048534 seconds.
  path: Assets/Effects/Coin Particle.prefab
  artifactKey: Guid(6afdd781afeb2124182ecad274e884db) Importer(815301076,1909f56bfc062723c751e8b465ee728b)
Start importing Assets/Effects/Coin Particle.prefab using Guid(6afdd781afeb2124182ecad274e884db) Importer(815301076,1909f56bfc062723c751e8b465ee728b)  -> (artifact id: 'acad77ed044a8970d85b8b2b338e8d43') in 0.005570 seconds
  Import took 0.008209 seconds .

========================================================================
Received Import Request.
  Time since last request: 0.457433 seconds.
  path: Assets/Fonts/SDSamliphopangcheTTFBasic.ttf
  artifactKey: Guid(321a059668271074f908128b77698ea3) Importer(815301076,1909f56bfc062723c751e8b465ee728b)
Start importing Assets/Fonts/SDSamliphopangcheTTFBasic.ttf using Guid(321a059668271074f908128b77698ea3) Importer(815301076,1909f56bfc062723c751e8b465ee728b)  -> (artifact id: '589daf399e98ec7115d9d57a4f54c228') in 0.030618 seconds
  Import took 0.033396 seconds .

========================================================================
Received Import Request.
  Time since last request: 0.000138 seconds.
  path: Assets/Fonts/SDSamliphopangcheTTFOutline.ttf
  artifactKey: Guid(d274fc8a61c495a4588c4b46d437a8b0) Importer(815301076,1909f56bfc062723c751e8b465ee728b)
Start importing Assets/Fonts/SDSamliphopangcheTTFOutline.ttf using Guid(d274fc8a61c495a4588c4b46d437a8b0) Importer(815301076,1909f56bfc062723c751e8b465ee728b)  -> (artifact id: '4f9525edd48481056fcd07aa60d8aac9') in 0.007287 seconds
  Import took 0.009739 seconds .

========================================================================
Received Import Request.
  Time since last request: 0.403911 seconds.
  path: Assets/Arts/jungle.png
  artifactKey: Guid(f3169a5480a9ff14dbcfe757a28a799a) Importer(815301076,1909f56bfc062723c751e8b465ee728b)
Start importing Assets/Arts/jungle.png using Guid(f3169a5480a9ff14dbcfe757a28a799a) Importer(815301076,1909f56bfc062723c751e8b465ee728b)  -> (artifact id: '328c4443b9b0625361a241888dbc1744') in 0.021662 seconds
  Import took 0.024296 seconds .

========================================================================
Received Import Request.
  Time since last request: 0.000229 seconds.
  path: Assets/Arts/우주.jpg
  artifactKey: Guid(bedd95406c47cfa408a3e815403a66b7) Importer(815301076,1909f56bfc062723c751e8b465ee728b)
Start importing Assets/Arts/우주.jpg using Guid(bedd95406c47cfa408a3e815403a66b7) Importer(815301076,1909f56bfc062723c751e8b465ee728b)  -> (artifact id: '02b6c121c7db12fce488d3fa2e82fd3c') in 0.017619 seconds
  Import took 0.020029 seconds .

========================================================================
Received Import Request.
  Time since last request: 0.000147 seconds.
  path: Assets/Arts/화질테스트3.jpg
  artifactKey: Guid(e0d881b4bcfa45d4fa32e8f0db9ece27) Importer(815301076,1909f56bfc062723c751e8b465ee728b)
Start importing Assets/Arts/화질테스트3.jpg using Guid(e0d881b4bcfa45d4fa32e8f0db9ece27) Importer(815301076,1909f56bfc062723c751e8b465ee728b)  -> (artifact id: 'b8be2615e63e7ad65beade39e192511c') in 0.008503 seconds
  Import took 0.010987 seconds .

========================================================================
Received Import Request.
  Time since last request: 0.000152 seconds.
  path: Assets/Arts/화질테스트.jpg
  artifactKey: Guid(0bf0df3b4c2098445a059a710ab5727c) Importer(815301076,1909f56bfc062723c751e8b465ee728b)
Start importing Assets/Arts/화질테스트.jpg using Guid(0bf0df3b4c2098445a059a710ab5727c) Importer(815301076,1909f56bfc062723c751e8b465ee728b)  -> (artifact id: '9c9c430ecf4c84615c4163181ffd2f66') in 0.015487 seconds
  Import took 0.017937 seconds .

========================================================================
Received Import Request.
  Time since last request: 0.000183 seconds.
  path: Assets/Arts/화질테스트2.jpg
  artifactKey: Guid(6ee21cfa969112a42b643e57ab440d22) Importer(815301076,1909f56bfc062723c751e8b465ee728b)
Start importing Assets/Arts/화질테스트2.jpg using Guid(6ee21cfa969112a42b643e57ab440d22) Importer(815301076,1909f56bfc062723c751e8b465ee728b)  -> (artifact id: '9ff751a3e80f7a84bd09cd590ecdb6f0') in 0.020935 seconds
  Import took 0.023495 seconds .

========================================================================
Received Import Request.
  Time since last request: 0.000137 seconds.
  path: Assets/Arts/하늘2.jpg
  artifactKey: Guid(e1c89a0af1ae55c46882fc51d15f4305) Importer(815301076,1909f56bfc062723c751e8b465ee728b)
Start importing Assets/Arts/하늘2.jpg using Guid(e1c89a0af1ae55c46882fc51d15f4305) Importer(815301076,1909f56bfc062723c751e8b465ee728b)  -> (artifact id: '9c63b60549e43091fd7297eea625a885') in 0.006754 seconds
  Import took 0.009167 seconds .

========================================================================
Received Import Request.
  Time since last request: 0.000156 seconds.
  path: Assets/Arts/땅3.jpg
  artifactKey: Guid(dfc0d9c6e82e2cd478826e34f6217873) Importer(815301076,1909f56bfc062723c751e8b465ee728b)
Start importing Assets/Arts/땅3.jpg using Guid(dfc0d9c6e82e2cd478826e34f6217873) Importer(815301076,1909f56bfc062723c751e8b465ee728b)  -> (artifact id: 'b6c641adbe15c322dfe98cc9757b8c46') in 0.007344 seconds
  Import took 0.009830 seconds .

========================================================================
Received Import Request.
  Time since last request: 0.000146 seconds.
  path: Assets/Arts/하늘3.jpg
  artifactKey: Guid(70ae3695d69a8da45ad740754dfc71f2) Importer(815301076,1909f56bfc062723c751e8b465ee728b)
Start importing Assets/Arts/하늘3.jpg using Guid(70ae3695d69a8da45ad740754dfc71f2) Importer(815301076,1909f56bfc062723c751e8b465ee728b)  -> (artifact id: '0d495dce83679d0192a3e9f2c3719361') in 0.007203 seconds
  Import took 0.009787 seconds .

========================================================================
Received Import Request.
  Time since last request: 0.000142 seconds.
  path: Assets/Arts/KakaoTalk_20210821_123201762.png
  artifactKey: Guid(bc1389ec2c7c9a74dbf6e532edf4fccb) Importer(815301076,1909f56bfc062723c751e8b465ee728b)
Start importing Assets/Arts/KakaoTalk_20210821_123201762.png using Guid(bc1389ec2c7c9a74dbf6e532edf4fccb) Importer(815301076,1909f56bfc062723c751e8b465ee728b)  -> (artifact id: '62648203a22dfd389e9e8fc67d508b09') in 0.006437 seconds
  Import took 0.008892 seconds .

========================================================================
Received Import Request.
  Time since last request: 0.000146 seconds.
  path: Assets/Arts/pngwing.com.png
  artifactKey: Guid(54808b1b1f9eb4842a36e67eb2570b36) Importer(815301076,1909f56bfc062723c751e8b465ee728b)
Start importing Assets/Arts/pngwing.com.png using Guid(54808b1b1f9eb4842a36e67eb2570b36) Importer(815301076,1909f56bfc062723c751e8b465ee728b)  -> (artifact id: '78cdbfecaf1e7f792d5a3a4f177ff5ce') in 0.007166 seconds
  Import took 0.009701 seconds .

========================================================================
Received Import Request.
  Time since last request: 0.000157 seconds.
  path: Assets/Arts/땅2.jpg
  artifactKey: Guid(74260a96013748d4095cc2f37b37f045) Importer(815301076,1909f56bfc062723c751e8b465ee728b)
Start importing Assets/Arts/땅2.jpg using Guid(74260a96013748d4095cc2f37b37f045) Importer(815301076,1909f56bfc062723c751e8b465ee728b)  -> (artifact id: 'c80f3e3a4ecfc093e76297c2e7897c8b') in 0.007073 seconds
  Import took 0.009731 seconds .

========================================================================
Received Import Request.
  Time since last request: 0.000163 seconds.
  path: Assets/Arts/pngwing.com.png
  artifactKey: Guid(54808b1b1f9eb4842a36e67eb2570b36) Importer(815301076,1909f56bfc062723c751e8b465ee728b)
Start importing Assets/Arts/pngwing.com.png using Guid(54808b1b1f9eb4842a36e67eb2570b36) Importer(815301076,1909f56bfc062723c751e8b465ee728b)  -> (artifact id: '78cdbfecaf1e7f792d5a3a4f177ff5ce') in 0.006051 seconds
  Import took 0.008528 seconds .

========================================================================
Received Import Request.
  Time since last request: 0.000131 seconds.
  path: Assets/Arts/가로 1440픽셀 (1).jpg
  artifactKey: Guid(816db24a196602b44829f747e05b56ac) Importer(815301076,1909f56bfc062723c751e8b465ee728b)
Start importing Assets/Arts/가로 1440픽셀 (1).jpg using Guid(816db24a196602b44829f747e05b56ac) Importer(815301076,1909f56bfc062723c751e8b465ee728b)  -> (artifact id: 'b0a1505bd166feef54ef0de5da3a71d5') in 0.009203 seconds
  Import took 0.011621 seconds .

========================================================================
Received Import Request.
  Time since last request: 0.000145 seconds.
  path: Assets/Arts/하늘1.jpg
  artifactKey: Guid(8c06680f47019784990e0c47cb49e998) Importer(815301076,1909f56bfc062723c751e8b465ee728b)
Start importing Assets/Arts/하늘1.jpg using Guid(8c06680f47019784990e0c47cb49e998) Importer(815301076,1909f56bfc062723c751e8b465ee728b)  -> (artifact id: 'b316bfefe05e508e803f5590f2405d30') in 0.007001 seconds
  Import took 0.009579 seconds .

========================================================================
Received Import Request.
  Time since last request: 0.000150 seconds.
  path: Assets/Arts/가로 1440픽셀 (1).jpg
  artifactKey: Guid(816db24a196602b44829f747e05b56ac) Importer(815301076,1909f56bfc062723c751e8b465ee728b)
Start importing Assets/Arts/가로 1440픽셀 (1).jpg using Guid(816db24a196602b44829f747e05b56ac) Importer(815301076,1909f56bfc062723c751e8b465ee728b)  -> (artifact id: 'b0a1505bd166feef54ef0de5da3a71d5') in 0.005676 seconds
  Import took 0.008105 seconds .

========================================================================
Received Import Request.
  Time since last request: 0.000139 seconds.
  path: Assets/Arts/화질테스트4.jpg
  artifactKey: Guid(df0a0beeec7f6564486353c2034a401c) Importer(815301076,1909f56bfc062723c751e8b465ee728b)
Start importing Assets/Arts/화질테스트4.jpg using Guid(df0a0beeec7f6564486353c2034a401c) Importer(815301076,1909f56bfc062723c751e8b465ee728b)  -> (artifact id: 'f1224523895c6f5c4052d9c1d8503b28') in 0.020043 seconds
  Import took 0.022488 seconds .

========================================================================
Received Import Request.
  Time since last request: 0.000151 seconds.
  path: Assets/Arts/땅1.jpg
  artifactKey: Guid(f1dd8f18d7dc57949b2e5409bf2c3231) Importer(815301076,1909f56bfc062723c751e8b465ee728b)
Start importing Assets/Arts/땅1.jpg using Guid(f1dd8f18d7dc57949b2e5409bf2c3231) Importer(815301076,1909f56bfc062723c751e8b465ee728b)  -> (artifact id: '5a1f1a75604f7cf42b95f57ea7980298') in 0.007223 seconds
  Import took 0.009646 seconds .

========================================================================
Received Import Request.
  Time since last request: 0.015649 seconds.
  path: Assets/Arts/화질테스트4.jpg
  artifactKey: Guid(df0a0beeec7f6564486353c2034a401c) Importer(815301076,1909f56bfc062723c751e8b465ee728b)
Start importing Assets/Arts/화질테스트4.jpg using Guid(df0a0beeec7f6564486353c2034a401c) Importer(815301076,1909f56bfc062723c751e8b465ee728b)  -> (artifact id: 'f1224523895c6f5c4052d9c1d8503b28') in 0.008957 seconds
  Import took 0.011558 seconds .

========================================================================
Received Import Request.
  Time since last request: 0.102958 seconds.
  path: Assets/Physics/New Physics Material 2D.physicsMaterial2D
  artifactKey: Guid(643298dec1e2af641a45a90e194af44d) Importer(815301076,1909f56bfc062723c751e8b465ee728b)
Start importing Assets/Physics/New Physics Material 2D.physicsMaterial2D using Guid(643298dec1e2af641a45a90e194af44d) Importer(815301076,1909f56bfc062723c751e8b465ee728b)  -> (artifact id: 'c201c0155e678f129f361237a4f05580') in 0.004800 seconds
  Import took 0.007468 seconds .

========================================================================
Received Import Request.
  Time since last request: 3.385211 seconds.
  path: Assets/Resources/Sprites
  artifactKey: Guid(9ff52738b3c74f6409495cbdf2079109) Importer(815301076,1909f56bfc062723c751e8b465ee728b)
Start importing Assets/Resources/Sprites using Guid(9ff52738b3c74f6409495cbdf2079109) Importer(815301076,1909f56bfc062723c751e8b465ee728b)  -> (artifact id: 'ae3d6bd71952339589e2798bae62dd2d') in 0.002028 seconds
  Import took 0.004738 seconds .

========================================================================
Received Import Request.
  Time since last request: 0.045406 seconds.
  path: Assets/Resources/Sprites/Arrow.png
  artifactKey: Guid(7cda336f4b724434781786ad8386017c) Importer(815301076,1909f56bfc062723c751e8b465ee728b)
Start importing Assets/Resources/Sprites/Arrow.png using Guid(7cda336f4b724434781786ad8386017c) Importer(815301076,1909f56bfc062723c751e8b465ee728b)  -> (artifact id: '1e1107d2a12c212ab3f517caa9418279') in 0.009053 seconds
  Import took 0.011735 seconds .

========================================================================
Received Import Request.
  Time since last request: 0.000195 seconds.
  path: Assets/Resources/Sprites/bush.png
  artifactKey: Guid(c5f0269a1f034a042b8347a70b635cb1) Importer(815301076,1909f56bfc062723c751e8b465ee728b)
Start importing Assets/Resources/Sprites/bush.png using Guid(c5f0269a1f034a042b8347a70b635cb1) Importer(815301076,1909f56bfc062723c751e8b465ee728b)  -> (artifact id: 'ea566c09becff2fa9e80e828ab342f8c') in 0.015951 seconds
  Import took 0.018433 seconds .

========================================================================
Received Import Request.
  Time since last request: 0.000149 seconds.
  path: Assets/Resources/Sprites/coin_sprite.png
  artifactKey: Guid(1d7f7e67d7645b84c967d1f8b15192ac) Importer(815301076,1909f56bfc062723c751e8b465ee728b)
Start importing Assets/Resources/Sprites/coin_sprite.png using Guid(1d7f7e67d7645b84c967d1f8b15192ac) Importer(815301076,1909f56bfc062723c751e8b465ee728b)  -> (artifact id: '9c59f8bf6b05037bf80de404c517825f') in 0.010735 seconds
  Import took 0.013308 seconds .

========================================================================
Received Import Request.
  Time since last request: 0.000179 seconds.
  path: Assets/Resources/Sprites/coin.png
  artifactKey: Guid(8a20efb8637b4894baa930468da71e85) Importer(815301076,1909f56bfc062723c751e8b465ee728b)
Start importing Assets/Resources/Sprites/coin.png using Guid(8a20efb8637b4894baa930468da71e85) Importer(815301076,1909f56bfc062723c751e8b465ee728b)  -> (artifact id: 'fd09f0cc246a08ead1016659a612441d') in 0.013829 seconds
  Import took 0.016378 seconds .

========================================================================
Received Import Request.
  Time since last request: 0.000172 seconds.
  path: Assets/Resources/Sprites/tree-1.png.png
  artifactKey: Guid(06112b8c175006144a6d2318f8977fb7) Importer(815301076,1909f56bfc062723c751e8b465ee728b)
Start importing Assets/Resources/Sprites/tree-1.png.png using Guid(06112b8c175006144a6d2318f8977fb7) Importer(815301076,1909f56bfc062723c751e8b465ee728b)  -> (artifact id: 'd91901bad2e6f2621f288967f0a9e41e') in 0.006675 seconds
  Import took 0.009176 seconds .

========================================================================
Received Import Request.
  Time since last request: 0.000228 seconds.
  path: Assets/Resources/Sprites/vine.png
  artifactKey: Guid(e97f8ce790d621e48abcc6b8d5207342) Importer(815301076,1909f56bfc062723c751e8b465ee728b)
Start importing Assets/Resources/Sprites/vine.png using Guid(e97f8ce790d621e48abcc6b8d5207342) Importer(815301076,1909f56bfc062723c751e8b465ee728b)  -> (artifact id: 'f51930d917b15122e56e4ca1d5256368') in 0.014788 seconds
  Import took 0.017542 seconds .

========================================================================
Received Import Request.
  Time since last request: 0.000212 seconds.
  path: Assets/Resources/Sprites/캡처.PNG
  artifactKey: Guid(5e5dcb4f9f9d25549a7769489ed3c37d) Importer(815301076,1909f56bfc062723c751e8b465ee728b)
Start importing Assets/Resources/Sprites/캡처.PNG using Guid(5e5dcb4f9f9d25549a7769489ed3c37d) Importer(815301076,1909f56bfc062723c751e8b465ee728b)  -> (artifact id: 'e3f85e0e3b3aa7692d66bf13be4083d7') in 0.014072 seconds
  Import took 0.016834 seconds .

========================================================================
Received Import Request.
  Time since last request: 0.000196 seconds.
  path: Assets/Resources/Sprites/smoke.png
  artifactKey: Guid(1b3023acd81ded64b8b0d82c29bd414f) Importer(815301076,1909f56bfc062723c751e8b465ee728b)
Start importing Assets/Resources/Sprites/smoke.png using Guid(1b3023acd81ded64b8b0d82c29bd414f) Importer(815301076,1909f56bfc062723c751e8b465ee728b)  -> (artifact id: '744198600a453f3f97cafbb540159045') in 0.016114 seconds
  Import took 0.018697 seconds .

========================================================================
Received Import Request.
  Time since last request: 0.000136 seconds.
  path: Assets/Resources/Sprites/Heart.png
  artifactKey: Guid(5172735bd39357f45b6cf5b747cea64b) Importer(815301076,1909f56bfc062723c751e8b465ee728b)
Start importing Assets/Resources/Sprites/Heart.png using Guid(5172735bd39357f45b6cf5b747cea64b) Importer(815301076,1909f56bfc062723c751e8b465ee728b)  -> (artifact id: '02abee8d8dde27f986d99dbf08a101d3') in 0.010505 seconds
  Import took 0.012979 seconds .

========================================================================
Received Import Request.
  Time since last request: 0.000156 seconds.
  path: Assets/Resources/Sprites/monkey_legend_all.png
  artifactKey: Guid(094a44158049a7e4c9885ce4e277dcaa) Importer(815301076,1909f56bfc062723c751e8b465ee728b)
Start importing Assets/Resources/Sprites/monkey_legend_all.png using Guid(094a44158049a7e4c9885ce4e277dcaa) Importer(815301076,1909f56bfc062723c751e8b465ee728b)  -> (artifact id: 'c9f6bd5ece71f96ddaa83e23c6321271') in 0.052513 seconds
  Import took 0.055067 seconds .

========================================================================
Received Import Request.
  Time since last request: 0.000162 seconds.
  path: Assets/Resources/Sprites/monkey_legend_all_green.png
  artifactKey: Guid(1de8904630e63ab4bb57333d0bc33180) Importer(815301076,1909f56bfc062723c751e8b465ee728b)
Start importing Assets/Resources/Sprites/monkey_legend_all_green.png using Guid(1de8904630e63ab4bb57333d0bc33180) Importer(815301076,1909f56bfc062723c751e8b465ee728b)  -> (artifact id: '4bd357f771512784398ff17d371b5203') in 0.046102 seconds
  Import took 0.048561 seconds .

========================================================================
Received Import Request.
  Time since last request: 0.000138 seconds.
  path: Assets/Resources/Sprites/Tree.png
  artifactKey: Guid(8ffbb57bec4202d4ea76f2c70cae2b28) Importer(815301076,1909f56bfc062723c751e8b465ee728b)
Start importing Assets/Resources/Sprites/Tree.png using Guid(8ffbb57bec4202d4ea76f2c70cae2b28) Importer(815301076,1909f56bfc062723c751e8b465ee728b)  -> (artifact id: '12978aaa442e00b2914111f2de28ab02') in 0.010135 seconds
  Import took 0.012677 seconds .

========================================================================
Received Import Request.
  Time since last request: 0.000151 seconds.
  path: Assets/Resources/Sprites/skin_frog.png
  artifactKey: Guid(41dfdfdc837fed64a9904e053fbb35ab) Importer(815301076,1909f56bfc062723c751e8b465ee728b)
Start importing Assets/Resources/Sprites/skin_frog.png using Guid(41dfdfdc837fed64a9904e053fbb35ab) Importer(815301076,1909f56bfc062723c751e8b465ee728b)  -> (artifact id: '3bbbe2dadf208a80152a8504d54afa93') in 0.044430 seconds
  Import took 0.046847 seconds .

========================================================================
Received Import Request.
  Time since last request: 15.037926 seconds.
  path: Assets/Resources/Sprites/frog_sprite.png
  artifactKey: Guid(8cb5031ae43faa9498f2801fd32197bc) Importer(815301076,1909f56bfc062723c751e8b465ee728b)
Start importing Assets/Resources/Sprites/frog_sprite.png using Guid(8cb5031ae43faa9498f2801fd32197bc) Importer(815301076,1909f56bfc062723c751e8b465ee728b)  -> (artifact id: '64b7c8ef4b799f0b4069807da57c460c') in 0.011860 seconds
  Import took 0.014686 seconds .

========================================================================
Received Import Request.
  Time since last request: 10.938531 seconds.
  path: Assets/Resources/Sprites/tiger_sprite.png
  artifactKey: Guid(af4d3b28ab4b5f347a77822550e6604b) Importer(815301076,1909f56bfc062723c751e8b465ee728b)
Start importing Assets/Resources/Sprites/tiger_sprite.png using Guid(af4d3b28ab4b5f347a77822550e6604b) Importer(815301076,1909f56bfc062723c751e8b465ee728b)  -> (artifact id: 'd08324fac7b45d8ce3c5cea081aa7f1f') in 0.006591 seconds
  Import took 0.009374 seconds .

========================================================================
Received Prepare
Registering precompiled user dll's ...
Registered in 0.001302 seconds.
Begin MonoManager ReloadAssembly
Native extension for WindowsStandalone target not found
Refreshing native plugins compatible for Editor in 0.32 ms, found 1 plugins.
Preloading 0 native plugins for Editor in 0.00 ms.
Invoked RoslynAnalysisRunner static constructor.
RoslynAnalysisRunner will not be running.
RoslynAnalysisRunner has terminated.
Mono: successfully reloaded assembly
- Completed reload, in  0.762 seconds
Platform modules already initialized, skipping
Refreshing native plugins compatible for Editor in 0.31 ms, found 1 plugins.
Preloading 0 native plugins for Editor in 0.00 ms.
Unloading 1996 Unused Serialized files (Serialized files now loaded: 0)
System memory in use before: 94.1 MB.
System memory in use after: 94.2 MB.

Unloading 7 unused Assets to reduce memory usage. Loaded Objects now: 2541.
Total: 1.574000 ms (FindLiveObjects: 0.171400 ms CreateObjectMapping: 0.075800 ms MarkObjects: 1.316100 ms  DeleteObjects: 0.009700 ms)

========================================================================
Received Prepare
Registering precompiled user dll's ...
Registered in 0.001912 seconds.
Begin MonoManager ReloadAssembly
Native extension for WindowsStandalone target not found
Refreshing native plugins compatible for Editor in 0.32 ms, found 1 plugins.
Preloading 0 native plugins for Editor in 0.00 ms.
Invoked RoslynAnalysisRunner static constructor.
RoslynAnalysisRunner will not be running.
RoslynAnalysisRunner has terminated.
Mono: successfully reloaded assembly
- Completed reload, in  0.819 seconds
Platform modules already initialized, skipping
Switching build target platform(5) subTarget(0) extendedPlatform(0) -> platform(13) subTarget(537395200) extendedPlatform(0)
Refreshing native plugins compatible for Editor in 0.35 ms, found 1 plugins.
Preloading 0 native plugins for Editor in 0.00 ms.
Unloading 2000 Unused Serialized files (Serialized files now loaded: 0)
System memory in use before: 94.1 MB.
System memory in use after: 94.2 MB.

Unloading 7 unused Assets to reduce memory usage. Loaded Objects now: 2545.
Total: 1.720100 ms (FindLiveObjects: 0.307700 ms CreateObjectMapping: 0.083800 ms MarkObjects: 1.316000 ms  DeleteObjects: 0.011100 ms)

AssetImportParameters requested are different than current active one (requested -> active):
  custom:graphics/normal-map-encoding: 01000000000000000000000000000000 -> 02000000000000000000000000000000
========================================================================
Received Prepare
Refreshing native plugins compatible for Editor in 2.37 ms, found 1 plugins.
Preloading 0 native plugins for Editor in 0.00 ms.
Unloading 5 Unused Serialized files (Serialized files now loaded: 0)
System memory in use before: 54.7 MB.
System memory in use after: 54.8 MB.

Unloading 5 unused Assets to reduce memory usage. Loaded Objects now: 2545.
Total: 1.511100 ms (FindLiveObjects: 0.178200 ms CreateObjectMapping: 0.066000 ms MarkObjects: 1.257200 ms  DeleteObjects: 0.008800 ms)

========================================================================
Received Import Request.
  Time since last request: 68.953750 seconds.
  path: Assets/Resources/Sprites/bush.png
  artifactKey: Guid(c5f0269a1f034a042b8347a70b635cb1) Importer(815301076,1909f56bfc062723c751e8b465ee728b)
Start importing Assets/Resources/Sprites/bush.png using Guid(c5f0269a1f034a042b8347a70b635cb1) Importer(815301076,1909f56bfc062723c751e8b465ee728b)  -> (artifact id: 'cba169405a0f9a362a8631c88e6171a6') in 0.039355 seconds
  Import took 0.041937 seconds .

========================================================================
Received Import Request.
  Time since last request: 0.000176 seconds.
  path: Assets/Resources/Sprites/coin_sprite.png
  artifactKey: Guid(1d7f7e67d7645b84c967d1f8b15192ac) Importer(815301076,1909f56bfc062723c751e8b465ee728b)
Start importing Assets/Resources/Sprites/coin_sprite.png using Guid(1d7f7e67d7645b84c967d1f8b15192ac) Importer(815301076,1909f56bfc062723c751e8b465ee728b)  -> (artifact id: 'f014a79b35bd7025ae3242df014ef74a') in 0.009208 seconds
  Import took 0.011602 seconds .

========================================================================
Received Import Request.
  Time since last request: 0.000143 seconds.
  path: Assets/Resources/Sprites/coin.png
  artifactKey: Guid(8a20efb8637b4894baa930468da71e85) Importer(815301076,1909f56bfc062723c751e8b465ee728b)
Start importing Assets/Resources/Sprites/coin.png using Guid(8a20efb8637b4894baa930468da71e85) Importer(815301076,1909f56bfc062723c751e8b465ee728b)  -> (artifact id: '732122dda6303a32508a5040a2115c76') in 0.007099 seconds
  Import took 0.010325 seconds .

========================================================================
Received Import Request.
  Time since last request: 0.000154 seconds.
  path: Assets/Resources/Sprites/tree-1.png.png
  artifactKey: Guid(06112b8c175006144a6d2318f8977fb7) Importer(815301076,1909f56bfc062723c751e8b465ee728b)
Start importing Assets/Resources/Sprites/tree-1.png.png using Guid(06112b8c175006144a6d2318f8977fb7) Importer(815301076,1909f56bfc062723c751e8b465ee728b)  -> (artifact id: 'da82cce4405e5d37ab9499c954bcdb90') in 0.014344 seconds
  Import took 0.016856 seconds .

========================================================================
Received Import Request.
  Time since last request: 0.000146 seconds.
  path: Assets/Resources/Sprites/tiger_sprite.png
  artifactKey: Guid(af4d3b28ab4b5f347a77822550e6604b) Importer(815301076,1909f56bfc062723c751e8b465ee728b)
Start importing Assets/Resources/Sprites/tiger_sprite.png using Guid(af4d3b28ab4b5f347a77822550e6604b) Importer(815301076,1909f56bfc062723c751e8b465ee728b)  -> (artifact id: '93f4d91ccd0f93e3c8d499520a53ecd2') in 0.007064 seconds
  Import took 0.009439 seconds .

========================================================================
Received Import Request.
  Time since last request: 0.000214 seconds.
  path: Assets/Resources/Sprites/vine.png
  artifactKey: Guid(e97f8ce790d621e48abcc6b8d5207342) Importer(815301076,1909f56bfc062723c751e8b465ee728b)
Start importing Assets/Resources/Sprites/vine.png using Guid(e97f8ce790d621e48abcc6b8d5207342) Importer(815301076,1909f56bfc062723c751e8b465ee728b)  -> (artifact id: '77f4ceba04f310aa26fe9e398a3f8dab') in 0.015163 seconds
  Import took 0.017663 seconds .

========================================================================
Received Import Request.
  Time since last request: 0.000149 seconds.
  path: Assets/Resources/Sprites/Arrow.png
  artifactKey: Guid(7cda336f4b724434781786ad8386017c) Importer(815301076,1909f56bfc062723c751e8b465ee728b)
Start importing Assets/Resources/Sprites/Arrow.png using Guid(7cda336f4b724434781786ad8386017c) Importer(815301076,1909f56bfc062723c751e8b465ee728b)  -> (artifact id: '0210b5b6397529a19ddfc17a65be64bd') in 0.005904 seconds
  Import took 0.008373 seconds .

========================================================================
Received Import Request.
  Time since last request: 0.000148 seconds.
  path: Assets/Resources/Sprites/frog_sprite.png
  artifactKey: Guid(8cb5031ae43faa9498f2801fd32197bc) Importer(815301076,1909f56bfc062723c751e8b465ee728b)
Start importing Assets/Resources/Sprites/frog_sprite.png using Guid(8cb5031ae43faa9498f2801fd32197bc) Importer(815301076,1909f56bfc062723c751e8b465ee728b)  -> (artifact id: '7269daae90643417dd24b0b86f6ab094') in 0.010127 seconds
  Import took 0.012671 seconds .

========================================================================
Received Import Request.
  Time since last request: 0.000140 seconds.
  path: Assets/Resources/Sprites/캡처.PNG
  artifactKey: Guid(5e5dcb4f9f9d25549a7769489ed3c37d) Importer(815301076,1909f56bfc062723c751e8b465ee728b)
Start importing Assets/Resources/Sprites/캡처.PNG using Guid(5e5dcb4f9f9d25549a7769489ed3c37d) Importer(815301076,1909f56bfc062723c751e8b465ee728b)  -> (artifact id: '5cfe746e894274bafee59ca509cd5e35') in 0.011638 seconds
  Import took 0.014093 seconds .

========================================================================
Received Import Request.
  Time since last request: 0.000156 seconds.
  path: Assets/Resources/Sprites/smoke.png
  artifactKey: Guid(1b3023acd81ded64b8b0d82c29bd414f) Importer(815301076,1909f56bfc062723c751e8b465ee728b)
Start importing Assets/Resources/Sprites/smoke.png using Guid(1b3023acd81ded64b8b0d82c29bd414f) Importer(815301076,1909f56bfc062723c751e8b465ee728b)  -> (artifact id: '0c3098c6027f374c0af4438072468dca') in 0.006639 seconds
  Import took 0.009105 seconds .

========================================================================
Received Import Request.
  Time since last request: 0.000149 seconds.
  path: Assets/Resources/Sprites/Heart.png
  artifactKey: Guid(5172735bd39357f45b6cf5b747cea64b) Importer(815301076,1909f56bfc062723c751e8b465ee728b)
Start importing Assets/Resources/Sprites/Heart.png using Guid(5172735bd39357f45b6cf5b747cea64b) Importer(815301076,1909f56bfc062723c751e8b465ee728b)  -> (artifact id: '31711b4e81f9fef6fd68bf05f6c2e2cf') in 0.012349 seconds
  Import took 0.014837 seconds .

========================================================================
Received Import Request.
  Time since last request: 0.000147 seconds.
  path: Assets/Resources/Sprites/monkey_legend_all.png
  artifactKey: Guid(094a44158049a7e4c9885ce4e277dcaa) Importer(815301076,1909f56bfc062723c751e8b465ee728b)
Start importing Assets/Resources/Sprites/monkey_legend_all.png using Guid(094a44158049a7e4c9885ce4e277dcaa) Importer(815301076,1909f56bfc062723c751e8b465ee728b)  -> (artifact id: 'dceb3908ed503174fc4e09a80c2c8755') in 0.045091 seconds
  Import took 0.047670 seconds .

========================================================================
Received Import Request.
  Time since last request: 0.000175 seconds.
  path: Assets/Resources/Sprites/monkey_legend_all_green.png
  artifactKey: Guid(1de8904630e63ab4bb57333d0bc33180) Importer(815301076,1909f56bfc062723c751e8b465ee728b)
Start importing Assets/Resources/Sprites/monkey_legend_all_green.png using Guid(1de8904630e63ab4bb57333d0bc33180) Importer(815301076,1909f56bfc062723c751e8b465ee728b)  -> (artifact id: '1eeccc02c169ef04aa836979f78b6ce8') in 0.055054 seconds
  Import took 0.057563 seconds .

========================================================================
Received Import Request.
  Time since last request: 0.000153 seconds.
  path: Assets/Resources/Sprites/Tree.png
  artifactKey: Guid(8ffbb57bec4202d4ea76f2c70cae2b28) Importer(815301076,1909f56bfc062723c751e8b465ee728b)
Start importing Assets/Resources/Sprites/Tree.png using Guid(8ffbb57bec4202d4ea76f2c70cae2b28) Importer(815301076,1909f56bfc062723c751e8b465ee728b)  -> (artifact id: 'f61ad7dde954d4cd0ead4356f32fb823') in 0.006891 seconds
  Import took 0.009325 seconds .

========================================================================
Received Prepare
Registering precompiled user dll's ...
Registered in 0.001166 seconds.
Begin MonoManager ReloadAssembly
Native extension for WindowsStandalone target not found
Refreshing native plugins compatible for Editor in 0.33 ms, found 1 plugins.
Preloading 0 native plugins for Editor in 0.00 ms.
Invoked RoslynAnalysisRunner static constructor.
RoslynAnalysisRunner will not be running.
RoslynAnalysisRunner has terminated.
Mono: successfully reloaded assembly
- Completed reload, in  0.801 seconds
Platform modules already initialized, skipping
Switching build target platform(5) subTarget(0) extendedPlatform(0) -> platform(13) subTarget(537395200) extendedPlatform(0)
Refreshing native plugins compatible for Editor in 0.32 ms, found 1 plugins.
Preloading 0 native plugins for Editor in 0.00 ms.
Unloading 2000 Unused Serialized files (Serialized files now loaded: 0)
System memory in use before: 94.2 MB.
System memory in use after: 94.3 MB.

Unloading 7 unused Assets to reduce memory usage. Loaded Objects now: 2550.
Total: 1.829400 ms (FindLiveObjects: 0.212000 ms CreateObjectMapping: 0.078500 ms MarkObjects: 1.527900 ms  DeleteObjects: 0.009900 ms)

AssetImportParameters requested are different than current active one (requested -> active):
  custom:graphics/normal-map-encoding: 01000000000000000000000000000000 -> 02000000000000000000000000000000
========================================================================
Received Prepare
Registering precompiled user dll's ...
Registered in 0.001220 seconds.
Begin MonoManager ReloadAssembly
Native extension for WindowsStandalone target not found
Refreshing native plugins compatible for Editor in 0.32 ms, found 1 plugins.
Preloading 0 native plugins for Editor in 0.00 ms.
Invoked RoslynAnalysisRunner static constructor.
RoslynAnalysisRunner will not be running.
RoslynAnalysisRunner has terminated.
Mono: successfully reloaded assembly
- Completed reload, in  0.815 seconds
Platform modules already initialized, skipping
Switching build target platform(5) subTarget(0) extendedPlatform(0) -> platform(13) subTarget(537395200) extendedPlatform(0)
Refreshing native plugins compatible for Editor in 0.30 ms, found 1 plugins.
Preloading 0 native plugins for Editor in 0.00 ms.
Unloading 2000 Unused Serialized files (Serialized files now loaded: 0)
System memory in use before: 94.2 MB.
System memory in use after: 94.3 MB.

Unloading 7 unused Assets to reduce memory usage. Loaded Objects now: 2554.
Total: 1.673500 ms (FindLiveObjects: 0.174900 ms CreateObjectMapping: 0.068400 ms MarkObjects: 1.419500 ms  DeleteObjects: 0.009900 ms)

AssetImportParameters requested are different than current active one (requested -> active):
  custom:graphics/normal-map-encoding: 01000000000000000000000000000000 -> 02000000000000000000000000000000
========================================================================
Received Import Request.
  Time since last request: 32.913483 seconds.
  path: Assets/Resources/Sprites/tiger_sprite.png
  artifactKey: Guid(af4d3b28ab4b5f347a77822550e6604b) Importer(815301076,1909f56bfc062723c751e8b465ee728b)
Start importing Assets/Resources/Sprites/tiger_sprite.png using Guid(af4d3b28ab4b5f347a77822550e6604b) Importer(815301076,1909f56bfc062723c751e8b465ee728b)  -> (artifact id: 'b4280a8178d19d5a3d5701d8ccf8889c') in 0.038024 seconds
  Import took 0.040727 seconds .

========================================================================
Received Import Request.
  Time since last request: 2.911301 seconds.
  path: Assets/Resources/Sprites/tiger_sprite.png
  artifactKey: Guid(af4d3b28ab4b5f347a77822550e6604b) Importer(815301076,1909f56bfc062723c751e8b465ee728b)
Start importing Assets/Resources/Sprites/tiger_sprite.png using Guid(af4d3b28ab4b5f347a77822550e6604b) Importer(815301076,1909f56bfc062723c751e8b465ee728b)  -> (artifact id: '50c40297efa3d5ca4757d4cbbf1b5c11') in 0.007086 seconds
  Import took 0.009743 seconds .

========================================================================
Received Import Request.
  Time since last request: 0.011853 seconds.
  path: Assets/Resources/Sprites/tiger_sprite.png
  artifactKey: Guid(af4d3b28ab4b5f347a77822550e6604b) Importer(815301076,1909f56bfc062723c751e8b465ee728b)
Start importing Assets/Resources/Sprites/tiger_sprite.png using Guid(af4d3b28ab4b5f347a77822550e6604b) Importer(815301076,1909f56bfc062723c751e8b465ee728b)  -> (artifact id: '50c40297efa3d5ca4757d4cbbf1b5c11') in 0.005796 seconds
  Import took 0.008455 seconds .

========================================================================
Received Import Request.
  Time since last request: 9.359898 seconds.
  path: Assets/Resources/Sprites/tiger_sprite.png
  artifactKey: Guid(af4d3b28ab4b5f347a77822550e6604b) Importer(815301076,1909f56bfc062723c751e8b465ee728b)
Start importing Assets/Resources/Sprites/tiger_sprite.png using Guid(af4d3b28ab4b5f347a77822550e6604b) Importer(815301076,1909f56bfc062723c751e8b465ee728b)  -> (artifact id: 'a92e130f430817b2f133289aa2dd8bd2') in 0.046040 seconds
  Import took 0.049504 seconds .

========================================================================
Received Import Request.
  Time since last request: 6.209848 seconds.
  path: Assets/Resources/Sprites/frog_sprite.png
  artifactKey: Guid(8cb5031ae43faa9498f2801fd32197bc) Importer(815301076,1909f56bfc062723c751e8b465ee728b)
Start importing Assets/Resources/Sprites/frog_sprite.png using Guid(8cb5031ae43faa9498f2801fd32197bc) Importer(815301076,1909f56bfc062723c751e8b465ee728b)  -> (artifact id: '3e61baeb88219dbb780fb5c7f85dfd39') in 0.006230 seconds
  Import took 0.009598 seconds .

========================================================================
Received Import Request.
  Time since last request: 0.012593 seconds.
  path: Assets/Resources/Sprites/frog_sprite.png
  artifactKey: Guid(8cb5031ae43faa9498f2801fd32197bc) Importer(815301076,1909f56bfc062723c751e8b465ee728b)
Start importing Assets/Resources/Sprites/frog_sprite.png using Guid(8cb5031ae43faa9498f2801fd32197bc) Importer(815301076,1909f56bfc062723c751e8b465ee728b)  -> (artifact id: '3e61baeb88219dbb780fb5c7f85dfd39') in 0.005441 seconds
  Import took 0.008206 seconds .

========================================================================
Received Import Request.
  Time since last request: 5.976443 seconds.
  path: Assets/Resources/Sprites/frog_sprite.png
  artifactKey: Guid(8cb5031ae43faa9498f2801fd32197bc) Importer(815301076,1909f56bfc062723c751e8b465ee728b)
Start importing Assets/Resources/Sprites/frog_sprite.png using Guid(8cb5031ae43faa9498f2801fd32197bc) Importer(815301076,1909f56bfc062723c751e8b465ee728b)  -> (artifact id: '6587b03db8779a607cc584a8ef5c1c97') in 0.060473 seconds
  Import took 0.063198 seconds .

========================================================================
Received Prepare
Registering precompiled user dll's ...
Registered in 0.001149 seconds.
Begin MonoManager ReloadAssembly
Native extension for WindowsStandalone target not found
Refreshing native plugins compatible for Editor in 0.33 ms, found 1 plugins.
Preloading 0 native plugins for Editor in 0.00 ms.
Invoked RoslynAnalysisRunner static constructor.
RoslynAnalysisRunner will not be running.
RoslynAnalysisRunner has terminated.
Mono: successfully reloaded assembly
- Completed reload, in  0.838 seconds
Platform modules already initialized, skipping
Switching build target platform(5) subTarget(0) extendedPlatform(0) -> platform(13) subTarget(537395200) extendedPlatform(0)
Refreshing native plugins compatible for Editor in 0.32 ms, found 1 plugins.
Preloading 0 native plugins for Editor in 0.00 ms.
Unloading 2000 Unused Serialized files (Serialized files now loaded: 0)
System memory in use before: 94.2 MB.
System memory in use after: 94.3 MB.

Unloading 7 unused Assets to reduce memory usage. Loaded Objects now: 2559.
Total: 1.756700 ms (FindLiveObjects: 0.215300 ms CreateObjectMapping: 0.089100 ms MarkObjects: 1.439400 ms  DeleteObjects: 0.012000 ms)

AssetImportParameters requested are different than current active one (requested -> active):
  custom:graphics/normal-map-encoding: 01000000000000000000000000000000 -> 02000000000000000000000000000000
AssetImportWorkerClient::OnTransportError - code=2 error=End of file
